<?xml version="1.0" encoding="UTF-8"?>
<!-- Generated by org.testng.reporters.JUnitReportReporter -->
<testsuite skipped="0" hostname="anurags-MacBook-Air.local" name="com.calculator.test.TestApp" tests="4" failures="0" timestamp="09 Sep 2017 17:45:58 GMT" time="9.609" errors="0">
  <testcase name="addNumbers" time="2.116" classname="com.calculator.test.TestApp"/>
  <testcase name="multiplyNumbers" time="2.167" classname="com.calculator.test.TestApp"/>
  <testcase name="divideNumbers" time="2.190" classname="com.calculator.test.TestApp"/>
  <testcase name="subtractNumbers" time="3.136" classname="com.calculator.test.TestApp"/>
</testsuite> <!-- com.calculator.test.TestApp -->
